# JRE version: Java(TM) SE Runtime Environment (8.0_101-b13) (build 1.8.0_101-b13)
# Java VM: Java HotSpot(TM) Client VM (25.101-b13 mixed mode windows-x86 )
Heap:
 def new generation   total 78720K, used 70016K [0x04800000, 0x09d60000, 0x19d50000)
  eden space 70016K, 100% used [0x04800000, 0x08c60000, 0x08c60000)
  from space 8704K,   0% used [0x08c60000, 0x08c60000, 0x094e0000)
  to   space 8704K, 100% used [0x094e0000, 0x09d60000, 0x09d60000)
 tenured generation   total 196584K, used 196583K [0x19d50000, 0x25d6a000, 0x44800000)
   the space 196584K,  99% used [0x19d50000, 0x25d49ff0, 0x25d4a000, 0x25d4a000)
 Metaspace       used 36816K, capacity 37119K, committed 37120K, reserved 37248K
GC Heap History (10 events):
Event: 55.436 GC heap after
Heap after GC invocations=266 (full 3):
 def new generation   total 78720K, used 8703K [0x04800000, 0x09d60000, 0x19d50000)
  eden space 70016K,   0% used [0x04800000, 0x04800000, 0x08c60000)
  from space 8704K,  99% used [0x08c60000, 0x094dfff8, 0x094e0000)
  to   space 8704K,   0% used [0x094e0000, 0x094e0000, 0x09d60000)
 tenured generation   total 174784K, used 159853K [0x19d50000, 0x24800000, 0x44800000)
   the space 174784K,  91% used [0x19d50000, 0x2396b5e0, 0x2396b600, 0x24800000)
 Metaspace       used 36657K, capacity 36951K, committed 36992K, reserved 37248K
}
Event: 55.621 GC heap before
{Heap before GC invocations=266 (full 3):
 def new generation   total 78720K, used 78719K [0x04800000, 0x09d60000, 0x19d50000)
  eden space 70016K, 100% used [0x04800000, 0x08c60000, 0x08c60000)
  from space 8704K,  99% used [0x08c60000, 0x094dfff8, 0x094e0000)
  to   space 8704K,   0% used [0x094e0000, 0x094e0000, 0x09d60000)
 tenured generation   total 174784K, used 159853K [0x19d50000, 0x24800000, 0x44800000)
   the space 174784K,  91% used [0x19d50000, 0x2396b5e0, 0x2396b600, 0x24800000)
 Metaspace       used 36657K, capacity 36951K, committed 36992K, reserved 37248K
Event: 56.245 GC heap after
Heap after GC invocations=267 (full 4):
 def new generation   total 78720K, used 0K [0x04800000, 0x09d60000, 0x19d50000)
  eden space 70016K,   0% used [0x04800000, 0x04800000, 0x08c60000)
  from space 8704K,   0% used [0x094e0000, 0x094e0000, 0x09d60000)
  to   space 8704K,   0% used [0x08c60000, 0x08c60000, 0x094e0000)
 tenured generation   total 184008K, used 144246K [0x19d50000, 0x25102000, 0x44800000)
   the space 184008K,  78% used [0x19d50000, 0x22a2dbb0, 0x22a2dc00, 0x25102000)
 Metaspace       used 36637K, capacity 36924K, committed 36992K, reserved 37248K
}
Event: 56.356 GC heap before
{Heap before GC invocations=267 (full 4):
 def new generation   total 78720K, used 70016K [0x04800000, 0x09d60000, 0x19d50000)
  eden space 70016K, 100% used [0x04800000, 0x08c60000, 0x08c60000)
  from space 8704K,   0% used [0x094e0000, 0x094e0000, 0x09d60000)
  to   space 8704K,   0% used [0x08c60000, 0x08c60000, 0x094e0000)
 tenured generation   total 184008K, used 144246K [0x19d50000, 0x25102000, 0x44800000)
   the space 184008K,  78% used [0x19d50000, 0x22a2dbb0, 0x22a2dc00, 0x25102000)
 Metaspace       used 36670K, capacity 36956K, committed 36992K, reserved 37248K
Event: 56.482 GC heap after
Heap after GC invocations=268 (full 4):
 def new generation   total 78720K, used 8704K [0x04800000, 0x09d60000, 0x19d50000)
  eden space 70016K,   0% used [0x04800000, 0x04800000, 0x08c60000)
  from space 8704K, 100% used [0x08c60000, 0x094e0000, 0x094e0000)
  to   space 8704K,   0% used [0x094e0000, 0x094e0000, 0x09d60000)
 tenured generation   total 184008K, used 159667K [0x19d50000, 0x25102000, 0x44800000)
   the space 184008K,  86% used [0x19d50000, 0x2393cc18, 0x2393ce00, 0x25102000)
 Metaspace       used 36670K, capacity 36956K, committed 36992K, reserved 37248K
}
Event: 56.744 GC heap before
{Heap before GC invocations=268 (full 4):
 def new generation   total 78720K, used 78720K [0x04800000, 0x09d60000, 0x19d50000)
  eden space 70016K, 100% used [0x04800000, 0x08c60000, 0x08c60000)
  from space 8704K, 100% used [0x08c60000, 0x094e0000, 0x094e0000)
  to   space 8704K,   0% used [0x094e0000, 0x094e0000, 0x09d60000)
 tenured generation   total 184008K, used 159667K [0x19d50000, 0x25102000, 0x44800000)
   the space 184008K,  86% used [0x19d50000, 0x2393cc18, 0x2393ce00, 0x25102000)
 Metaspace       used 36691K, capacity 36988K, committed 37120K, reserved 37248K
Event: 56.866 GC heap after
Heap after GC invocations=269 (full 4):
 def new generation   total 78720K, used 8704K [0x04800000, 0x09d60000, 0x19d50000)
  eden space 70016K,   0% used [0x04800000, 0x04800000, 0x08c60000)
  from space 8704K, 100% used [0x094e0000, 0x09d60000, 0x09d60000)
  to   space 8704K,   0% used [0x08c60000, 0x08c60000, 0x094e0000)
 tenured generation   total 184008K, used 180031K [0x19d50000, 0x25102000, 0x44800000)
   the space 184008K,  97% used [0x19d50000, 0x24d1fda8, 0x24d1fe00, 0x25102000)
 Metaspace       used 36691K, capacity 36988K, committed 37120K, reserved 37248K
}
Event: 57.050 GC heap before
{Heap before GC invocations=269 (full 4):
 def new generation   total 78720K, used 78720K [0x04800000, 0x09d60000, 0x19d50000)
  eden space 70016K, 100% used [0x04800000, 0x08c60000, 0x08c60000)
  from space 8704K, 100% used [0x094e0000, 0x09d60000, 0x09d60000)
  to   space 8704K,   0% used [0x08c60000, 0x08c60000, 0x094e0000)
 tenured generation   total 184008K, used 180031K [0x19d50000, 0x25102000, 0x44800000)
   the space 184008K,  97% used [0x19d50000, 0x24d1fda8, 0x24d1fe00, 0x25102000)
 Metaspace       used 36697K, capacity 36988K, committed 37120K, reserved 37248K
Event: 58.378 GC heap after
Heap after GC invocations=270 (full 5):
 def new generation   total 78720K, used 16026K [0x04800000, 0x09d60000, 0x19d50000)
  eden space 70016K,  22% used [0x04800000, 0x057a6a00, 0x08c60000)
  from space 8704K,   0% used [0x08c60000, 0x08c60000, 0x094e0000)
  to   space 8704K,   0% used [0x094e0000, 0x094e0000, 0x09d60000)
 tenured generation   total 195228K, used 195228K [0x19d50000, 0x25bf7000, 0x44800000)
   the space 195228K, 100% used [0x19d50000, 0x25bf7000, 0x25bf7000, 0x25bf7000)
 Metaspace       used 36697K, capacity 36988K, committed 37120K, reserved 37248K
}
Event: 58.578 GC heap before
{Heap before GC invocations=270 (full 5):
 def new generation   total 78720K, used 70016K [0x04800000, 0x09d60000, 0x19d50000)
  eden space 70016K, 100% used [0x04800000, 0x08c60000, 0x08c60000)
  from space 8704K,   0% used [0x08c60000, 0x08c60000, 0x094e0000)
  to   space 8704K,   0% used [0x094e0000, 0x094e0000, 0x09d60000)
 tenured generation   total 195228K, used 195228K [0x19d50000, 0x25bf7000, 0x44800000)
   the space 195228K, 100% used [0x19d50000, 0x25bf7000, 0x25bf7000, 0x25bf7000)
 Metaspace       used 36816K, capacity 37119K, committed 37120K, reserved 37248K

